<?xml version="1.0" encoding="UTF-8"?>
<Site BuildName="(empty)"
	BuildStamp="20250120-1643-Experimental"
	Name="(empty)"
	Generator="ctest-3.25.1"
	CompilerName=""
	CompilerVersion=""
	OSName="Linux"
	Hostname="30a254131ee8"
	OSRelease="6.10.14-linuxkit"
	OSVersion="#1 SMP PREEMPT_DYNAMIC Fri Nov 29 17:24:06 UTC 2024"
	OSPlatform="x86_64"
	Is64Bits="1"
	VendorString="GenuineIntel"
	VendorID="Intel Corporation"
	FamilyID="6"
	ModelID="158"
	ProcessorCacheSize="12288"
	NumberOfLogicalCPU="12"
	NumberOfPhysicalCPU="12"
	TotalVirtualMemory="1023"
	TotalPhysicalMemory="7938"
	LogicalProcessorsPerPhysical="1"
	ProcessorClockFrequency="2591.86"
	>
	<Testing>
		<StartDateTime>Jan 20 18:48 UTC</StartDateTime>
		<StartTestTime>1737398895</StartTestTime>
		<TestList/>
		<EndDateTime>Jan 20 18:48 UTC</EndDateTime>
		<EndTestTime>1737398895</EndTestTime>
		<ElapsedMinutes>0</ElapsedMinutes>
	</Testing>
</Site>
